<?xml version="1.0" encoding="UTF-8"?>
<coverage generated="1592741227448" clover="3.2.0">
  <project timestamp="1592741227448" name="All files">
    <metrics statements="50" coveredstatements="50" conditionals="30" coveredconditionals="30" methods="4" coveredmethods="4" elements="84" coveredelements="84" complexity="0" loc="50" ncloc="50" packages="1" files="1" classes="1"/>
    <file name="knapsack.js" path="/Users/mike/Documents/GitHub/CodingProblems/knapsack.js">
      <metrics statements="50" coveredstatements="50" conditionals="30" coveredconditionals="30" methods="4" coveredmethods="4"/>
      <line num="1" count="1" type="cond" truecount="1" falsecount="0"/>
      <line num="2" count="4" type="cond" truecount="4" falsecount="0"/>
      <line num="3" count="1" type="stmt"/>
      <line num="6" count="3" type="stmt"/>
      <line num="7" count="12" type="stmt"/>
      <line num="9" count="3" type="stmt"/>
      <line num="10" count="12" type="stmt"/>
      <line num="11" count="76" type="cond" truecount="4" falsecount="0"/>
      <line num="12" count="28" type="stmt"/>
      <line num="13" count="28" type="stmt"/>
      <line num="16" count="48" type="stmt"/>
      <line num="17" count="48" type="stmt"/>
      <line num="19" count="48" type="cond" truecount="2" falsecount="0"/>
      <line num="20" count="30" type="stmt"/>
      <line num="22" count="30" type="stmt"/>
      <line num="23" count="30" type="stmt"/>
      <line num="26" count="18" type="stmt"/>
      <line num="30" count="3" type="stmt"/>
      <line num="31" count="3" type="stmt"/>
      <line num="32" count="3" type="stmt"/>
      <line num="34" count="3" type="cond" truecount="2" falsecount="0"/>
      <line num="35" count="9" type="cond" truecount="2" falsecount="0"/>
      <line num="36" count="5" type="stmt"/>
      <line num="37" count="5" type="stmt"/>
      <line num="40" count="9" type="stmt"/>
      <line num="43" count="3" type="stmt"/>
      <line num="46" count="1" type="cond" truecount="1" falsecount="0"/>
      <line num="47" count="4" type="cond" truecount="4" falsecount="0"/>
      <line num="48" count="1" type="stmt"/>
      <line num="51" count="3" type="stmt"/>
      <line num="52" count="12" type="stmt"/>
      <line num="54" count="3" type="stmt"/>
      <line num="55" count="12" type="stmt"/>
      <line num="56" count="76" type="cond" truecount="4" falsecount="0"/>
      <line num="57" count="28" type="stmt"/>
      <line num="58" count="28" type="stmt"/>
      <line num="61" count="48" type="stmt"/>
      <line num="62" count="48" type="stmt"/>
      <line num="64" count="48" type="cond" truecount="2" falsecount="0"/>
      <line num="65" count="30" type="stmt"/>
      <line num="67" count="30" type="stmt"/>
      <line num="68" count="30" type="stmt"/>
      <line num="71" count="18" type="stmt"/>
      <line num="75" count="3" type="stmt"/>
      <line num="76" count="3" type="stmt"/>
      <line num="78" count="3" type="cond" truecount="2" falsecount="0"/>
      <line num="79" count="8" type="cond" truecount="2" falsecount="0"/>
      <line num="80" count="4" type="stmt"/>
      <line num="83" count="8" type="stmt"/>
      <line num="86" count="3" type="stmt"/>
    </file>
  </project>
</coverage>
