{"/Users/mike/Documents/GitHub/CodingProblems/knapsack.js": {"path":"/Users/mike/Documents/GitHub/CodingProblems/knapsack.js","statementMap":{"0":{"start":{"line":1,"column":29},"end":{"line":44,"column":1}},"1":{"start":{"line":2,"column":2},"end":{"line":4,"column":3}},"2":{"start":{"line":3,"column":4},"end":{"line":3,"column":14}},"3":{"start":{"line":6,"column":19},"end":{"line":6,"column":31}},"4":{"start":{"line":7,"column":13},"end":{"line":7,"column":70}},"5":{"start":{"line":7,"column":58},"end":{"line":7,"column":69}},"6":{"start":{"line":9,"column":2},"end":{"line":28,"column":3}},"7":{"start":{"line":9,"column":15},"end":{"line":9,"column":16}},"8":{"start":{"line":10,"column":4},"end":{"line":27,"column":5}},"9":{"start":{"line":10,"column":22},"end":{"line":10,"column":23}},"10":{"start":{"line":11,"column":6},"end":{"line":14,"column":7}},"11":{"start":{"line":12,"column":8},"end":{"line":12,"column":26}},"12":{"start":{"line":13,"column":8},"end":{"line":13,"column":17}},"13":{"start":{"line":16,"column":19},"end":{"line":16,"column":31}},"14":{"start":{"line":17,"column":25},"end":{"line":17,"column":42}},"15":{"start":{"line":19,"column":6},"end":{"line":24,"column":7}},"16":{"start":{"line":20,"column":26},"end":{"line":20,"column":71}},"17":{"start":{"line":22,"column":8},"end":{"line":22,"column":56}},"18":{"start":{"line":23,"column":8},"end":{"line":23,"column":17}},"19":{"start":{"line":26,"column":6},"end":{"line":26,"column":33}},"20":{"start":{"line":30,"column":18},"end":{"line":30,"column":26}},"21":{"start":{"line":31,"column":15},"end":{"line":31,"column":23}},"22":{"start":{"line":32,"column":18},"end":{"line":32,"column":20}},"23":{"start":{"line":34,"column":2},"end":{"line":41,"column":3}},"24":{"start":{"line":35,"column":4},"end":{"line":38,"column":5}},"25":{"start":{"line":36,"column":6},"end":{"line":36,"column":36}},"26":{"start":{"line":37,"column":6},"end":{"line":37,"column":42}},"27":{"start":{"line":40,"column":4},"end":{"line":40,"column":16}},"28":{"start":{"line":43,"column":2},"end":{"line":43,"column":19}},"29":{"start":{"line":46,"column":29},"end":{"line":87,"column":1}},"30":{"start":{"line":47,"column":2},"end":{"line":49,"column":3}},"31":{"start":{"line":48,"column":4},"end":{"line":48,"column":14}},"32":{"start":{"line":51,"column":19},"end":{"line":51,"column":31}},"33":{"start":{"line":52,"column":13},"end":{"line":52,"column":70}},"34":{"start":{"line":52,"column":58},"end":{"line":52,"column":69}},"35":{"start":{"line":54,"column":2},"end":{"line":73,"column":3}},"36":{"start":{"line":54,"column":15},"end":{"line":54,"column":16}},"37":{"start":{"line":55,"column":4},"end":{"line":72,"column":5}},"38":{"start":{"line":55,"column":22},"end":{"line":55,"column":23}},"39":{"start":{"line":56,"column":6},"end":{"line":59,"column":7}},"40":{"start":{"line":57,"column":8},"end":{"line":57,"column":26}},"41":{"start":{"line":58,"column":8},"end":{"line":58,"column":17}},"42":{"start":{"line":61,"column":19},"end":{"line":61,"column":31}},"43":{"start":{"line":62,"column":25},"end":{"line":62,"column":42}},"44":{"start":{"line":64,"column":6},"end":{"line":69,"column":7}},"45":{"start":{"line":65,"column":26},"end":{"line":65,"column":70}},"46":{"start":{"line":67,"column":8},"end":{"line":67,"column":56}},"47":{"start":{"line":68,"column":8},"end":{"line":68,"column":17}},"48":{"start":{"line":71,"column":6},"end":{"line":71,"column":33}},"49":{"start":{"line":75,"column":18},"end":{"line":75,"column":26}},"50":{"start":{"line":76,"column":15},"end":{"line":76,"column":23}},"51":{"start":{"line":78,"column":2},"end":{"line":84,"column":3}},"52":{"start":{"line":79,"column":4},"end":{"line":81,"column":5}},"53":{"start":{"line":80,"column":6},"end":{"line":80,"column":42}},"54":{"start":{"line":83,"column":4},"end":{"line":83,"column":16}},"55":{"start":{"line":86,"column":2},"end":{"line":86,"column":32}}},"fnMap":{"0":{"name":"(anonymous_0)","decl":{"start":{"line":1,"column":29},"end":{"line":1,"column":30}},"loc":{"start":{"line":1,"column":54},"end":{"line":44,"column":1}},"line":1},"1":{"name":"(anonymous_1)","decl":{"start":{"line":7,"column":52},"end":{"line":7,"column":53}},"loc":{"start":{"line":7,"column":58},"end":{"line":7,"column":69}},"line":7},"2":{"name":"(anonymous_2)","decl":{"start":{"line":46,"column":29},"end":{"line":46,"column":30}},"loc":{"start":{"line":46,"column":54},"end":{"line":87,"column":1}},"line":46},"3":{"name":"(anonymous_3)","decl":{"start":{"line":52,"column":52},"end":{"line":52,"column":53}},"loc":{"start":{"line":52,"column":58},"end":{"line":52,"column":69}},"line":52}},"branchMap":{"0":{"loc":{"start":{"line":1,"column":37},"end":{"line":1,"column":49}},"type":"default-arg","locations":[{"start":{"line":1,"column":48},"end":{"line":1,"column":49}}],"line":1},"1":{"loc":{"start":{"line":2,"column":2},"end":{"line":4,"column":3}},"type":"if","locations":[{"start":{"line":2,"column":2},"end":{"line":4,"column":3}},{"start":{"line":2,"column":2},"end":{"line":4,"column":3}}],"line":2},"2":{"loc":{"start":{"line":2,"column":6},"end":{"line":2,"column":44}},"type":"binary-expr","locations":[{"start":{"line":2,"column":6},"end":{"line":2,"column":27}},{"start":{"line":2,"column":31},"end":{"line":2,"column":44}}],"line":2},"3":{"loc":{"start":{"line":11,"column":6},"end":{"line":14,"column":7}},"type":"if","locations":[{"start":{"line":11,"column":6},"end":{"line":14,"column":7}},{"start":{"line":11,"column":6},"end":{"line":14,"column":7}}],"line":11},"4":{"loc":{"start":{"line":11,"column":10},"end":{"line":11,"column":33}},"type":"binary-expr","locations":[{"start":{"line":11,"column":10},"end":{"line":11,"column":17}},{"start":{"line":11,"column":21},"end":{"line":11,"column":33}}],"line":11},"5":{"loc":{"start":{"line":19,"column":6},"end":{"line":24,"column":7}},"type":"if","locations":[{"start":{"line":19,"column":6},"end":{"line":24,"column":7}},{"start":{"line":19,"column":6},"end":{"line":24,"column":7}}],"line":19},"6":{"loc":{"start":{"line":34,"column":9},"end":{"line":34,"column":36}},"type":"binary-expr","locations":[{"start":{"line":34,"column":9},"end":{"line":34,"column":22}},{"start":{"line":34,"column":26},"end":{"line":34,"column":36}}],"line":34},"7":{"loc":{"start":{"line":35,"column":4},"end":{"line":38,"column":5}},"type":"if","locations":[{"start":{"line":35,"column":4},"end":{"line":38,"column":5}},{"start":{"line":35,"column":4},"end":{"line":38,"column":5}}],"line":35},"8":{"loc":{"start":{"line":46,"column":37},"end":{"line":46,"column":49}},"type":"default-arg","locations":[{"start":{"line":46,"column":48},"end":{"line":46,"column":49}}],"line":46},"9":{"loc":{"start":{"line":47,"column":2},"end":{"line":49,"column":3}},"type":"if","locations":[{"start":{"line":47,"column":2},"end":{"line":49,"column":3}},{"start":{"line":47,"column":2},"end":{"line":49,"column":3}}],"line":47},"10":{"loc":{"start":{"line":47,"column":6},"end":{"line":47,"column":44}},"type":"binary-expr","locations":[{"start":{"line":47,"column":6},"end":{"line":47,"column":27}},{"start":{"line":47,"column":31},"end":{"line":47,"column":44}}],"line":47},"11":{"loc":{"start":{"line":56,"column":6},"end":{"line":59,"column":7}},"type":"if","locations":[{"start":{"line":56,"column":6},"end":{"line":59,"column":7}},{"start":{"line":56,"column":6},"end":{"line":59,"column":7}}],"line":56},"12":{"loc":{"start":{"line":56,"column":10},"end":{"line":56,"column":33}},"type":"binary-expr","locations":[{"start":{"line":56,"column":10},"end":{"line":56,"column":17}},{"start":{"line":56,"column":21},"end":{"line":56,"column":33}}],"line":56},"13":{"loc":{"start":{"line":64,"column":6},"end":{"line":69,"column":7}},"type":"if","locations":[{"start":{"line":64,"column":6},"end":{"line":69,"column":7}},{"start":{"line":64,"column":6},"end":{"line":69,"column":7}}],"line":64},"14":{"loc":{"start":{"line":78,"column":9},"end":{"line":78,"column":36}},"type":"binary-expr","locations":[{"start":{"line":78,"column":9},"end":{"line":78,"column":22}},{"start":{"line":78,"column":26},"end":{"line":78,"column":36}}],"line":78},"15":{"loc":{"start":{"line":79,"column":4},"end":{"line":81,"column":5}},"type":"if","locations":[{"start":{"line":79,"column":4},"end":{"line":81,"column":5}},{"start":{"line":79,"column":4},"end":{"line":81,"column":5}}],"line":79}},"s":{"0":1,"1":4,"2":1,"3":3,"4":3,"5":12,"6":3,"7":3,"8":12,"9":12,"10":76,"11":28,"12":28,"13":48,"14":48,"15":48,"16":30,"17":30,"18":30,"19":18,"20":3,"21":3,"22":3,"23":3,"24":9,"25":5,"26":5,"27":9,"28":3,"29":1,"30":4,"31":1,"32":3,"33":3,"34":12,"35":3,"36":3,"37":12,"38":12,"39":76,"40":28,"41":28,"42":48,"43":48,"44":48,"45":30,"46":30,"47":30,"48":18,"49":3,"50":3,"51":3,"52":8,"53":4,"54":8,"55":3},"f":{"0":4,"1":12,"2":4,"3":12},"b":{"0":[1],"1":[1,3],"2":[4,3],"3":[28,48],"4":[76,57],"5":[30,18],"6":[12,9],"7":[5,4],"8":[1],"9":[1,3],"10":[4,3],"11":[28,48],"12":[76,57],"13":[30,18],"14":[11,9],"15":[4,4]},"_coverageSchema":"1a1c01bbd47fc00a2c39e90264f33305004495a9","hash":"3050e683b2ea5c1c203206bae0f9ca99d34273f1"}
}
