{"/Users/mike/Documents/GitHub/CodingProblems/linked-list.js": {"path":"/Users/mike/Documents/GitHub/CodingProblems/linked-list.js","statementMap":{"0":{"start":{"line":9,"column":19},"end":{"line":9,"column":36}},"1":{"start":{"line":9,"column":29},"end":{"line":9,"column":36}},"2":{"start":{"line":13,"column":4},"end":{"line":13,"column":21}},"3":{"start":{"line":14,"column":4},"end":{"line":14,"column":21}},"4":{"start":{"line":20,"column":4},"end":{"line":20,"column":20}},"5":{"start":{"line":21,"column":4},"end":{"line":21,"column":21}},"6":{"start":{"line":22,"column":4},"end":{"line":22,"column":34}},"7":{"start":{"line":33,"column":17},"end":{"line":33,"column":31}},"8":{"start":{"line":35,"column":4},"end":{"line":41,"column":5}},"9":{"start":{"line":37,"column":6},"end":{"line":37,"column":23}},"10":{"start":{"line":39,"column":6},"end":{"line":39,"column":20}},"11":{"start":{"line":40,"column":6},"end":{"line":40,"column":13}},"12":{"start":{"line":43,"column":18},"end":{"line":43,"column":27}},"13":{"start":{"line":46,"column":4},"end":{"line":48,"column":5}},"14":{"start":{"line":47,"column":6},"end":{"line":47,"column":29}},"15":{"start":{"line":51,"column":4},"end":{"line":51,"column":24}},"16":{"start":{"line":54,"column":4},"end":{"line":54,"column":18}},"17":{"start":{"line":66,"column":4},"end":{"line":68,"column":5}},"18":{"start":{"line":67,"column":6},"end":{"line":67,"column":23}},"19":{"start":{"line":72,"column":4},"end":{"line":83,"column":5}},"20":{"start":{"line":73,"column":6},"end":{"line":73,"column":26}},"21":{"start":{"line":76,"column":6},"end":{"line":76,"column":33}},"22":{"start":{"line":78,"column":23},"end":{"line":78,"column":48}},"23":{"start":{"line":80,"column":6},"end":{"line":80,"column":30}},"24":{"start":{"line":82,"column":6},"end":{"line":82,"column":35}},"25":{"start":{"line":86,"column":4},"end":{"line":86,"column":18}},"26":{"start":{"line":88,"column":4},"end":{"line":88,"column":24}},"27":{"start":{"line":101,"column":4},"end":{"line":103,"column":5}},"28":{"start":{"line":102,"column":6},"end":{"line":102,"column":19}},"29":{"start":{"line":106,"column":17},"end":{"line":106,"column":31}},"30":{"start":{"line":109,"column":4},"end":{"line":115,"column":5}},"31":{"start":{"line":110,"column":6},"end":{"line":110,"column":28}},"32":{"start":{"line":111,"column":6},"end":{"line":111,"column":23}},"33":{"start":{"line":112,"column":6},"end":{"line":112,"column":20}},"34":{"start":{"line":114,"column":6},"end":{"line":114,"column":18}},"35":{"start":{"line":117,"column":21},"end":{"line":117,"column":46}},"36":{"start":{"line":119,"column":4},"end":{"line":119,"column":30}},"37":{"start":{"line":120,"column":4},"end":{"line":120,"column":25}},"38":{"start":{"line":122,"column":4},"end":{"line":122,"column":18}},"39":{"start":{"line":124,"column":4},"end":{"line":124,"column":16}},"40":{"start":{"line":135,"column":18},"end":{"line":135,"column":27}},"41":{"start":{"line":136,"column":16},"end":{"line":136,"column":17}},"42":{"start":{"line":138,"column":4},"end":{"line":144,"column":5}},"43":{"start":{"line":139,"column":6},"end":{"line":141,"column":7}},"44":{"start":{"line":140,"column":8},"end":{"line":140,"column":21}},"45":{"start":{"line":142,"column":6},"end":{"line":142,"column":29}},"46":{"start":{"line":143,"column":6},"end":{"line":143,"column":14}},"47":{"start":{"line":146,"column":4},"end":{"line":146,"column":14}},"48":{"start":{"line":157,"column":18},"end":{"line":157,"column":36}},"49":{"start":{"line":158,"column":4},"end":{"line":158,"column":32}},"50":{"start":{"line":168,"column":4},"end":{"line":168,"column":29}},"51":{"start":{"line":178,"column":4},"end":{"line":178,"column":23}},"52":{"start":{"line":188,"column":4},"end":{"line":188,"column":21}},"53":{"start":{"line":200,"column":4},"end":{"line":202,"column":5}},"54":{"start":{"line":201,"column":6},"end":{"line":201,"column":23}},"55":{"start":{"line":204,"column":4},"end":{"line":206,"column":5}},"56":{"start":{"line":205,"column":6},"end":{"line":205,"column":23}},"57":{"start":{"line":208,"column":18},"end":{"line":208,"column":27}},"58":{"start":{"line":210,"column":23},"end":{"line":210,"column":24}},"59":{"start":{"line":213,"column":4},"end":{"line":217,"column":5}},"60":{"start":{"line":214,"column":6},"end":{"line":214,"column":25}},"61":{"start":{"line":215,"column":6},"end":{"line":215,"column":29}},"62":{"start":{"line":216,"column":6},"end":{"line":216,"column":21}},"63":{"start":{"line":219,"column":4},"end":{"line":219,"column":19}}},"fnMap":{"0":{"name":"(anonymous_0)","decl":{"start":{"line":9,"column":19},"end":{"line":9,"column":20}},"loc":{"start":{"line":9,"column":29},"end":{"line":9,"column":36}},"line":9},"1":{"name":"(anonymous_1)","decl":{"start":{"line":12,"column":2},"end":{"line":12,"column":3}},"loc":{"start":{"line":12,"column":20},"end":{"line":15,"column":3}},"line":12},"2":{"name":"(anonymous_2)","decl":{"start":{"line":19,"column":2},"end":{"line":19,"column":3}},"loc":{"start":{"line":19,"column":40},"end":{"line":23,"column":3}},"line":19},"3":{"name":"(anonymous_3)","decl":{"start":{"line":31,"column":2},"end":{"line":31,"column":3}},"loc":{"start":{"line":31,"column":15},"end":{"line":55,"column":3}},"line":31},"4":{"name":"(anonymous_4)","decl":{"start":{"line":64,"column":2},"end":{"line":64,"column":3}},"loc":{"start":{"line":64,"column":18},"end":{"line":89,"column":3}},"line":64},"5":{"name":"(anonymous_5)","decl":{"start":{"line":99,"column":2},"end":{"line":99,"column":3}},"loc":{"start":{"line":99,"column":22},"end":{"line":125,"column":3}},"line":99},"6":{"name":"(anonymous_6)","decl":{"start":{"line":134,"column":2},"end":{"line":134,"column":3}},"loc":{"start":{"line":134,"column":16},"end":{"line":147,"column":3}},"line":134},"7":{"name":"(anonymous_7)","decl":{"start":{"line":156,"column":2},"end":{"line":156,"column":3}},"loc":{"start":{"line":156,"column":15},"end":{"line":159,"column":3}},"line":156},"8":{"name":"(anonymous_8)","decl":{"start":{"line":167,"column":2},"end":{"line":167,"column":3}},"loc":{"start":{"line":167,"column":12},"end":{"line":169,"column":3}},"line":167},"9":{"name":"(anonymous_9)","decl":{"start":{"line":177,"column":2},"end":{"line":177,"column":3}},"loc":{"start":{"line":177,"column":9},"end":{"line":179,"column":3}},"line":177},"10":{"name":"(anonymous_10)","decl":{"start":{"line":187,"column":2},"end":{"line":187,"column":3}},"loc":{"start":{"line":187,"column":12},"end":{"line":189,"column":3}},"line":187},"11":{"name":"(anonymous_11)","decl":{"start":{"line":198,"column":2},"end":{"line":198,"column":3}},"loc":{"start":{"line":198,"column":19},"end":{"line":220,"column":3}},"line":198}},"branchMap":{"0":{"loc":{"start":{"line":19,"column":14},"end":{"line":19,"column":38}},"type":"default-arg","locations":[{"start":{"line":19,"column":28},"end":{"line":19,"column":38}}],"line":19},"1":{"loc":{"start":{"line":35,"column":4},"end":{"line":41,"column":5}},"type":"if","locations":[{"start":{"line":35,"column":4},"end":{"line":41,"column":5}},{"start":{"line":35,"column":4},"end":{"line":41,"column":5}}],"line":35},"2":{"loc":{"start":{"line":66,"column":4},"end":{"line":68,"column":5}},"type":"if","locations":[{"start":{"line":66,"column":4},"end":{"line":68,"column":5}},{"start":{"line":66,"column":4},"end":{"line":68,"column":5}}],"line":66},"3":{"loc":{"start":{"line":66,"column":8},"end":{"line":66,"column":41}},"type":"binary-expr","locations":[{"start":{"line":66,"column":8},"end":{"line":66,"column":17}},{"start":{"line":66,"column":21},"end":{"line":66,"column":41}}],"line":66},"4":{"loc":{"start":{"line":72,"column":4},"end":{"line":83,"column":5}},"type":"if","locations":[{"start":{"line":72,"column":4},"end":{"line":83,"column":5}},{"start":{"line":72,"column":4},"end":{"line":83,"column":5}}],"line":72},"5":{"loc":{"start":{"line":101,"column":4},"end":{"line":103,"column":5}},"type":"if","locations":[{"start":{"line":101,"column":4},"end":{"line":103,"column":5}},{"start":{"line":101,"column":4},"end":{"line":103,"column":5}}],"line":101},"6":{"loc":{"start":{"line":101,"column":8},"end":{"line":101,"column":45}},"type":"binary-expr","locations":[{"start":{"line":101,"column":8},"end":{"line":101,"column":17}},{"start":{"line":101,"column":21},"end":{"line":101,"column":45}}],"line":101},"7":{"loc":{"start":{"line":109,"column":4},"end":{"line":115,"column":5}},"type":"if","locations":[{"start":{"line":109,"column":4},"end":{"line":115,"column":5}},{"start":{"line":109,"column":4},"end":{"line":115,"column":5}}],"line":109},"8":{"loc":{"start":{"line":139,"column":6},"end":{"line":141,"column":7}},"type":"if","locations":[{"start":{"line":139,"column":6},"end":{"line":141,"column":7}},{"start":{"line":139,"column":6},"end":{"line":141,"column":7}}],"line":139},"9":{"loc":{"start":{"line":200,"column":4},"end":{"line":202,"column":5}},"type":"if","locations":[{"start":{"line":200,"column":4},"end":{"line":202,"column":5}},{"start":{"line":200,"column":4},"end":{"line":202,"column":5}}],"line":200},"10":{"loc":{"start":{"line":200,"column":8},"end":{"line":200,"column":41}},"type":"binary-expr","locations":[{"start":{"line":200,"column":8},"end":{"line":200,"column":17}},{"start":{"line":200,"column":21},"end":{"line":200,"column":41}}],"line":200},"11":{"loc":{"start":{"line":204,"column":4},"end":{"line":206,"column":5}},"type":"if","locations":[{"start":{"line":204,"column":4},"end":{"line":206,"column":5}},{"start":{"line":204,"column":4},"end":{"line":206,"column":5}}],"line":204}},"s":{"0":1,"1":25,"2":97,"3":97,"4":46,"5":46,"6":46,"7":94,"8":94,"9":24,"10":24,"11":24,"12":70,"13":70,"14":69,"15":70,"16":70,"17":8,"18":4,"19":4,"20":1,"21":1,"22":3,"23":3,"24":3,"25":4,"26":4,"27":5,"28":2,"29":3,"30":3,"31":1,"32":1,"33":1,"34":1,"35":2,"36":2,"37":2,"38":2,"39":2,"40":8,"41":8,"42":8,"43":25,"44":4,"45":21,"46":21,"47":4,"48":3,"49":3,"50":2,"51":3,"52":3,"53":17,"54":2,"55":15,"56":6,"57":9,"58":9,"59":9,"60":18,"61":18,"62":18,"63":9},"f":{"0":25,"1":97,"2":46,"3":94,"4":8,"5":5,"6":8,"7":3,"8":2,"9":3,"10":3,"11":17},"b":{"0":[46],"1":[24,70],"2":[4,4],"3":[8,5],"4":[1,3],"5":[2,3],"6":[5,4],"7":[1,2],"8":[4,21],"9":[2,15],"10":[17,16],"11":[6,9]},"_coverageSchema":"1a1c01bbd47fc00a2c39e90264f33305004495a9","hash":"130fd700049754d409a00638c16ddc985fb2d878"}
}
