TN:
SF:doubly-linked-list.js
FN:4,(anonymous_0)
FN:11,(anonymous_1)
FN:22,(anonymous_2)
FN:45,(anonymous_3)
FN:90,(anonymous_4)
FNF:5
FNH:5
FNDA:146,(anonymous_0)
FNDA:74,(anonymous_1)
FNDA:142,(anonymous_2)
FNDA:12,(anonymous_3)
FNDA:6,(anonymous_4)
DA:5,146
DA:6,146
DA:12,74
DA:13,74
DA:23,142
DA:25,142
DA:26,40
DA:27,40
DA:28,40
DA:29,40
DA:32,102
DA:33,102
DA:34,102
DA:35,102
DA:47,12
DA:48,4
DA:53,8
DA:54,2
DA:56,2
DA:57,1
DA:60,1
DA:61,1
DA:63,6
DA:64,4
DA:65,4
DA:66,4
DA:68,2
DA:70,2
DA:72,2
DA:73,2
DA:77,8
DA:79,8
DA:92,6
DA:93,2
DA:97,4
DA:100,4
DA:101,1
DA:102,1
DA:103,1
DA:104,1
DA:108,3
DA:109,1
DA:110,1
DA:111,1
DA:112,1
DA:114,1
DA:118,2
DA:119,1
DA:120,1
DA:121,1
DA:122,1
DA:123,1
DA:126,1
DA:128,1
DA:129,1
DA:130,1
DA:131,1
DA:132,1
DA:134,1
LF:59
LH:59
BRDA:25,0,0,40
BRDA:25,0,1,102
BRDA:47,1,0,4
BRDA:47,1,1,8
BRDA:47,2,0,12
BRDA:47,2,1,9
BRDA:53,3,0,2
BRDA:53,3,1,6
BRDA:56,4,0,1
BRDA:56,4,1,1
BRDA:63,5,0,4
BRDA:63,5,1,2
BRDA:92,6,0,2
BRDA:92,6,1,4
BRDA:92,7,0,6
BRDA:92,7,1,5
BRDA:100,8,0,1
BRDA:100,8,1,3
BRDA:100,9,0,4
BRDA:100,9,1,2
BRDA:108,10,0,1
BRDA:108,10,1,2
BRDA:108,11,0,3
BRDA:108,11,1,1
BRDA:118,12,0,1
BRDA:118,12,1,1
BRF:26
BRH:26
end_of_record
TN:
SF:linked-list.js
FN:9,(anonymous_0)
FN:18,(anonymous_1)
FN:25,(anonymous_2)
FN:37,(anonymous_3)
FN:70,(anonymous_4)
FN:105,(anonymous_5)
FN:140,(anonymous_6)
FN:162,(anonymous_7)
FN:173,(anonymous_8)
FN:183,(anonymous_9)
FN:193,(anonymous_10)
FN:204,(anonymous_11)
FN:233,(anonymous_12)
FNF:13
FNH:13
FNDA:205,(anonymous_0)
FNDA:338,(anonymous_1)
FNDA:164,(anonymous_2)
FNDA:98,(anonymous_3)
FNDA:16,(anonymous_4)
FNDA:96,(anonymous_5)
FNDA:24,(anonymous_6)
FNDA:9,(anonymous_7)
FNDA:108,(anonymous_8)
FNDA:219,(anonymous_9)
FNDA:9,(anonymous_10)
FNDA:108,(anonymous_11)
FNDA:4,(anonymous_12)
DA:9,4
DA:10,205
DA:11,12
DA:14,193
DA:19,338
DA:20,338
DA:26,164
DA:27,164
DA:28,164
DA:39,98
DA:41,98
DA:43,25
DA:45,25
DA:46,25
DA:49,73
DA:52,73
DA:53,72
DA:57,73
DA:60,73
DA:72,16
DA:73,8
DA:78,8
DA:79,2
DA:82,2
DA:84,6
DA:86,6
DA:88,6
DA:92,8
DA:94,8
DA:107,96
DA:108,2
DA:112,94
DA:115,94
DA:116,27
DA:117,27
DA:118,27
DA:120,27
DA:123,67
DA:125,67
DA:126,67
DA:128,67
DA:130,67
DA:141,24
DA:142,24
DA:144,24
DA:145,75
DA:146,12
DA:148,63
DA:149,63
DA:152,12
DA:163,9
DA:164,9
DA:174,108
DA:184,219
DA:194,9
DA:206,108
DA:207,6
DA:210,102
DA:211,38
DA:214,64
DA:216,64
DA:219,64
DA:220,105
DA:221,105
DA:222,105
DA:225,64
DA:234,4
DA:235,4
LF:68
LH:68
BRDA:10,0,0,12
BRDA:10,0,1,193
BRDA:14,1,0,27
BRDA:14,1,1,166
BRDA:25,2,0,164
BRDA:41,3,0,25
BRDA:41,3,1,73
BRDA:72,4,0,8
BRDA:72,4,1,8
BRDA:72,5,0,16
BRDA:72,5,1,10
BRDA:78,6,0,2
BRDA:78,6,1,6
BRDA:107,7,0,2
BRDA:107,7,1,94
BRDA:107,8,0,96
BRDA:107,8,1,95
BRDA:115,9,0,27
BRDA:115,9,1,67
BRDA:145,10,0,12
BRDA:145,10,1,63
BRDA:206,11,0,6
BRDA:206,11,1,102
BRDA:206,12,0,108
BRDA:206,12,1,105
BRDA:210,13,0,38
BRDA:210,13,1,64
BRF:27
BRH:27
end_of_record
TN:
SF:sorted-linked-list.js
FN:4,(anonymous_0)
FN:8,(anonymous_1)
FN:12,(anonymous_2)
FN:22,(anonymous_3)
FNF:4
FNH:4
FNDA:42,(anonymous_0)
FNDA:88,(anonymous_1)
FNDA:91,(anonymous_2)
FNDA:67,(anonymous_3)
DA:5,42
DA:9,88
DA:13,91
DA:14,24
DA:17,67
DA:19,67
DA:23,67
DA:24,67
DA:26,67
DA:27,130
DA:28,2
DA:31,128
DA:34,65
LF:13
LH:13
BRDA:13,0,0,24
BRDA:13,0,1,67
BRDA:27,1,0,2
BRDA:27,1,1,128
BRF:4
BRH:4
end_of_record
TN:
SF:stack-linked-list.js
FN:4,(anonymous_0)
FN:8,(anonymous_1)
FN:12,(anonymous_2)
FN:20,(anonymous_3)
FN:28,(anonymous_4)
FN:32,(anonymous_5)
FN:36,(anonymous_6)
FNF:7
FNH:7
FNDA:24,(anonymous_0)
FNDA:40,(anonymous_1)
FNDA:5,(anonymous_2)
FNDA:4,(anonymous_3)
FNDA:5,(anonymous_4)
FNDA:2,(anonymous_5)
FNDA:1,(anonymous_6)
DA:5,24
DA:9,40
DA:13,5
DA:14,1
DA:17,4
DA:21,4
DA:22,1
DA:25,3
DA:29,5
DA:33,2
DA:37,1
LF:11
LH:11
BRDA:13,0,0,1
BRDA:13,0,1,4
BRDA:21,1,0,1
BRDA:21,1,1,3
BRF:4
BRH:4
end_of_record
