TN:
SF:linked-list.js
FN:9,(anonymous_0)
FN:12,(anonymous_1)
FN:19,(anonymous_2)
FN:31,(anonymous_3)
FN:64,(anonymous_4)
FN:99,(anonymous_5)
FN:134,(anonymous_6)
FN:156,(anonymous_7)
FN:167,(anonymous_8)
FN:177,(anonymous_9)
FN:187,(anonymous_10)
FN:198,(anonymous_11)
FNF:12
FNH:12
FNDA:25,(anonymous_0)
FNDA:97,(anonymous_1)
FNDA:46,(anonymous_2)
FNDA:94,(anonymous_3)
FNDA:8,(anonymous_4)
FNDA:5,(anonymous_5)
FNDA:8,(anonymous_6)
FNDA:3,(anonymous_7)
FNDA:2,(anonymous_8)
FNDA:3,(anonymous_9)
FNDA:3,(anonymous_10)
FNDA:17,(anonymous_11)
DA:9,25
DA:13,97
DA:14,97
DA:20,46
DA:21,46
DA:22,46
DA:33,94
DA:35,94
DA:37,24
DA:39,24
DA:40,24
DA:43,70
DA:46,70
DA:47,69
DA:51,70
DA:54,70
DA:66,8
DA:67,4
DA:72,4
DA:73,1
DA:76,1
DA:78,3
DA:80,3
DA:82,3
DA:86,4
DA:88,4
DA:101,5
DA:102,2
DA:106,3
DA:109,3
DA:110,1
DA:111,1
DA:112,1
DA:114,1
DA:117,2
DA:119,2
DA:120,2
DA:122,2
DA:124,2
DA:135,8
DA:136,8
DA:138,8
DA:139,25
DA:140,4
DA:142,21
DA:143,21
DA:146,4
DA:157,3
DA:158,3
DA:168,2
DA:178,3
DA:188,3
DA:200,17
DA:201,2
DA:204,15
DA:205,6
DA:208,9
DA:210,9
DA:213,9
DA:214,18
DA:215,18
DA:216,18
DA:219,9
LF:63
LH:63
BRDA:19,0,0,46
BRDA:35,1,0,24
BRDA:35,1,1,70
BRDA:66,2,0,4
BRDA:66,2,1,4
BRDA:66,3,0,8
BRDA:66,3,1,5
BRDA:72,4,0,1
BRDA:72,4,1,3
BRDA:101,5,0,2
BRDA:101,5,1,3
BRDA:101,6,0,5
BRDA:101,6,1,4
BRDA:109,7,0,1
BRDA:109,7,1,2
BRDA:139,8,0,4
BRDA:139,8,1,21
BRDA:200,9,0,2
BRDA:200,9,1,15
BRDA:200,10,0,17
BRDA:200,10,1,16
BRDA:204,11,0,6
BRDA:204,11,1,9
BRF:23
BRH:23
end_of_record
